<?xml version="1.0" encoding="UTF-8"?>
<!-- Generated by org.testng.reporters.JUnitReportReporter -->
<testsuite hostname="DESKTOP-S50R35N" failures="0" tests="1" name="RestAssuredTest.GET_Request" time="6.754" errors="0" timestamp="2021-03-03T00:00:54 IST" skipped="0">
  <testcase classname="RestAssuredTest.GET_Request" name="GetUserDetails" time="6.754"/>
  <system-out/>
</testsuite> <!-- RestAssuredTest.GET_Request -->
